{
    "Global Quote": {
        "01. symbol": "MSFT",
        "02. open": "162.6100",
        "03. high": "163.1100",
        "04. low": "156.0000",
        "05. price": "161.5700",
        "06. volume": "72821057",
        "07. latest trading day": "2020-03-06",
        "08. previous close": "166.2700",
        "09. change": "-4.7000",
        "10. change percent": "-2.8267%"
    }
}
The current price of msft is: $161.57
{
    "Global Quote": {
        "01. symbol": "AMZN",
        "02. open": "1875.0000",
        "03. high": "1910.8700",
        "04. low": "1869.5000",
        "05. price": "1901.0900",
        "06. volume": "5273580",
        "07. latest trading day": "2020-03-06",
        "08. previous close": "1924.0300",
        "09. change": "-22.9400",
        "10. change percent": "-1.1923%"
    }
}
The current price of amzn is: $1901.09
{
    "Global Quote": {
        "01. symbol": "GOOG",
        "02. open": "1277.0600",
        "03. high": "1306.2200",
        "04. low": "1261.0500",
        "05. price": "1298.4100",
        "06. volume": "2660628",
        "07. latest trading day": "2020-03-06",
        "08. previous close": "1319.0400",
        "09. change": "-20.6300",
        "10. change percent": "-1.5640%"
    }
}
The current price of goog is: $1298.41
{
    "Global Quote": {
        "01. symbol": "AAPL",
        "02. open": "282.0000",
        "03. high": "290.8200",
        "04. low": "281.2300",
        "05. price": "289.0300",
        "06. volume": "56544246",
        "07. latest trading day": "2020-03-06",
        "08. previous close": "292.9200",
        "09. change": "-3.8900",
        "10. change percent": "-1.3280%"
    }
}
The current price of aapl is: $289.03
{
    "Global Quote": {
        "01. symbol": "NCR",
        "02. open": "22.5100",
        "03. high": "23.5500",
        "04. low": "22.2600",
        "05. price": "23.1800",
        "06. volume": "1171829",
        "07. latest trading day": "2020-03-06",
        "08. previous close": "23.4000",
        "09. change": "-0.2200",
        "10. change percent": "-0.9402%"
    }
}
The current price of ncr is: $23.18
